<?xml version="1.0" encoding="UTF-8"?>
<testsuite name="com.example.ocean.OceanApplicationTests" tests="1" skipped="0" failures="0" errors="0" timestamp="2025-06-11T16:44:44.262Z" hostname="6aaf1764796b" time="0.426">
  <properties/>
  <testcase name="contextLoads()" classname="com.example.ocean.OceanApplicationTests" time="0.426"/>
  <system-out><![CDATA[01:44:40.098 [Test worker] INFO org.springframework.test.context.support.AnnotationConfigContextLoaderUtils -- Could not detect default configuration classes for test class [com.example.ocean.OceanApplicationTests]: OceanApplicationTests does not declare any static, non-private, non-final, nested classes annotated with @Configuration.
01:44:40.199 [Test worker] INFO org.springframework.boot.test.context.SpringBootTestContextBootstrapper -- Found @SpringBootConfiguration com.example.ocean.OceanApplication for test class com.example.ocean.OceanApplicationTests

  .   ____          _            __ _ _
 /\\ / ___'_ __ _ _(_)_ __  __ _ \ \ \ \
( ( )\___ | '_ | '_| | '_ \/ _` | \ \ \ \
 \\/  ___)| |_)| | | | | || (_| |  ) ) ) )
  '  |____| .__|_| |_|_| |_\__, | / / / /
 =========|_|==============|___/=/_/_/_/

 :: Spring Boot ::                (v3.5.0)

2025-06-12T01:44:40.747+09:00  INFO 12207 --- [ocean] [    Test worker] c.example.ocean.OceanApplicationTests    : Starting OceanApplicationTests using Java 17.0.15 with PID 12207 (started by root in /workspace/ocean)
2025-06-12T01:44:40.748+09:00  INFO 12207 --- [ocean] [    Test worker] c.example.ocean.OceanApplicationTests    : No active profile set, falling back to 1 default profile: "default"
2025-06-12T01:44:41.631+09:00  INFO 12207 --- [ocean] [    Test worker] .s.d.r.c.RepositoryConfigurationDelegate : Bootstrapping Spring Data JPA repositories in DEFAULT mode.
2025-06-12T01:44:41.711+09:00  INFO 12207 --- [ocean] [    Test worker] .s.d.r.c.RepositoryConfigurationDelegate : Finished Spring Data repository scanning in 70 ms. Found 1 JPA repository interface.
2025-06-12T01:44:42.056+09:00  INFO 12207 --- [ocean] [    Test worker] o.hibernate.jpa.internal.util.LogHelper  : HHH000204: Processing PersistenceUnitInfo [name: default]
2025-06-12T01:44:42.103+09:00  INFO 12207 --- [ocean] [    Test worker] org.hibernate.Version                    : HHH000412: Hibernate ORM core version 6.6.15.Final
2025-06-12T01:44:42.132+09:00  INFO 12207 --- [ocean] [    Test worker] o.h.c.internal.RegionFactoryInitiator    : HHH000026: Second-level cache disabled
2025-06-12T01:44:42.544+09:00  INFO 12207 --- [ocean] [    Test worker] o.s.o.j.p.SpringPersistenceUnitInfo      : No LoadTimeWeaver setup: ignoring JPA class transformer
2025-06-12T01:44:42.569+09:00  INFO 12207 --- [ocean] [    Test worker] com.zaxxer.hikari.HikariDataSource       : HikariPool-1 - Starting...
2025-06-12T01:44:42.733+09:00  INFO 12207 --- [ocean] [    Test worker] com.zaxxer.hikari.pool.HikariPool        : HikariPool-1 - Added connection conn0: url=jdbc:h2:mem:testdb user=SA
2025-06-12T01:44:42.735+09:00  INFO 12207 --- [ocean] [    Test worker] com.zaxxer.hikari.HikariDataSource       : HikariPool-1 - Start completed.
2025-06-12T01:44:42.753+09:00  WARN 12207 --- [ocean] [    Test worker] org.hibernate.orm.deprecation            : HHH90000025: H2Dialect does not need to be specified explicitly using 'hibernate.dialect' (remove the property setting and it will be selected by default)
2025-06-12T01:44:42.769+09:00  INFO 12207 --- [ocean] [    Test worker] org.hibernate.orm.connections.pooling    : HHH10001005: Database info:
	Database JDBC URL [Connecting through datasource 'HikariDataSource (HikariPool-1)']
	Database driver: undefined/unknown
	Database version: 2.3.232
	Autocommit mode: undefined/unknown
	Isolation level: undefined/unknown
	Minimum pool size: undefined/unknown
	Maximum pool size: undefined/unknown
2025-06-12T01:44:43.321+09:00  INFO 12207 --- [ocean] [    Test worker] o.h.e.t.j.p.i.JtaPlatformInitiator       : HHH000489: No JTA platform available (set 'hibernate.transaction.jta.platform' to enable JTA platform integration)
Hibernate: 
    create table users (
        user_code varchar(255) not null,
        created_at timestamp(6),
        department varchar(255),
        email varchar(255),
        is_active boolean,
        is_profile_complete boolean,
        last_login_at timestamp(6),
        nickname varchar(255),
        phone_number varchar(255),
        position varchar(255),
        provider varchar(255),
        update_at timestamp(6),
        user_id varchar(255),
        user_name varchar(255),
        user_profile_img varchar(255),
        primary key (user_code)
    )
2025-06-12T01:44:43.371+09:00  INFO 12207 --- [ocean] [    Test worker] j.LocalContainerEntityManagerFactoryBean : Initialized JPA EntityManagerFactory for persistence unit 'default'
2025-06-12T01:44:43.721+09:00  WARN 12207 --- [ocean] [    Test worker] JpaBaseConfiguration$JpaWebConfiguration : spring.jpa.open-in-view is enabled by default. Therefore, database queries may be performed during view rendering. Explicitly configure spring.jpa.open-in-view to disable this warning
2025-06-12T01:44:43.900+09:00  INFO 12207 --- [ocean] [    Test worker] o.s.b.a.e.web.EndpointLinksResolver      : Exposing 2 endpoints beneath base path '/actuator'
2025-06-12T01:44:44.175+09:00  INFO 12207 --- [ocean] [    Test worker] o.s.b.a.h2.H2ConsoleAutoConfiguration    : H2 console available at '/h2-console'. Database available at 'jdbc:h2:mem:testdb'
2025-06-12T01:44:44.224+09:00  INFO 12207 --- [ocean] [    Test worker] c.example.ocean.OceanApplicationTests    : Started OceanApplicationTests in 3.797 seconds (process running for 4.747)
]]></system-out>
  <system-err><![CDATA[]]></system-err>
</testsuite>
