<?xml version="1.0" encoding="UTF-8"?>
<testsuite name="com.example.ocean.OceanApplicationTests" tests="1" skipped="0" failures="0" errors="0" timestamp="2025-06-11T02:44:40.303Z" hostname="6aaf1764796b" time="0.542">
  <properties/>
  <testcase name="contextLoads()" classname="com.example.ocean.OceanApplicationTests" time="0.542"/>
  <system-out><![CDATA[11:44:36.950 [Test worker] INFO org.springframework.test.context.support.AnnotationConfigContextLoaderUtils -- Could not detect default configuration classes for test class [com.example.ocean.OceanApplicationTests]: OceanApplicationTests does not declare any static, non-private, non-final, nested classes annotated with @Configuration.
11:44:37.040 [Test worker] INFO org.springframework.boot.test.context.SpringBootTestContextBootstrapper -- Found @SpringBootConfiguration com.example.ocean.OceanApplication for test class com.example.ocean.OceanApplicationTests

  .   ____          _            __ _ _
 /\\ / ___'_ __ _ _(_)_ __  __ _ \ \ \ \
( ( )\___ | '_ | '_| | '_ \/ _` | \ \ \ \
 \\/  ___)| |_)| | | | | || (_| |  ) ) ) )
  '  |____| .__|_| |_|_| |_\__, | / / / /
 =========|_|==============|___/=/_/_/_/

 :: Spring Boot ::                (v3.5.0)

2025-06-11T11:44:37.406+09:00  INFO 6017 --- [ocean] [    Test worker] c.example.ocean.OceanApplicationTests    : Starting OceanApplicationTests using Java 17.0.15 with PID 6017 (started by root in /workspace/ocean)
2025-06-11T11:44:37.408+09:00  INFO 6017 --- [ocean] [    Test worker] c.example.ocean.OceanApplicationTests    : No active profile set, falling back to 1 default profile: "default"
2025-06-11T11:44:38.040+09:00  INFO 6017 --- [ocean] [    Test worker] .s.d.r.c.RepositoryConfigurationDelegate : Bootstrapping Spring Data JPA repositories in DEFAULT mode.
2025-06-11T11:44:38.081+09:00  INFO 6017 --- [ocean] [    Test worker] .s.d.r.c.RepositoryConfigurationDelegate : Finished Spring Data repository scanning in 34 ms. Found 1 JPA repository interface.
2025-06-11T11:44:38.393+09:00  INFO 6017 --- [ocean] [    Test worker] com.zaxxer.hikari.HikariDataSource       : HikariPool-1 - Starting...
2025-06-11T11:44:38.525+09:00  INFO 6017 --- [ocean] [    Test worker] com.zaxxer.hikari.pool.HikariPool        : HikariPool-1 - Added connection conn0: url=jdbc:h2:mem:2a48c800-6433-48f8-8a06-563de49d910a user=SA
2025-06-11T11:44:38.526+09:00  INFO 6017 --- [ocean] [    Test worker] com.zaxxer.hikari.HikariDataSource       : HikariPool-1 - Start completed.
2025-06-11T11:44:38.553+09:00  INFO 6017 --- [ocean] [    Test worker] o.hibernate.jpa.internal.util.LogHelper  : HHH000204: Processing PersistenceUnitInfo [name: default]
2025-06-11T11:44:38.591+09:00  INFO 6017 --- [ocean] [    Test worker] org.hibernate.Version                    : HHH000412: Hibernate ORM core version 6.6.15.Final
2025-06-11T11:44:38.612+09:00  INFO 6017 --- [ocean] [    Test worker] o.h.c.internal.RegionFactoryInitiator    : HHH000026: Second-level cache disabled
2025-06-11T11:44:38.798+09:00  INFO 6017 --- [ocean] [    Test worker] o.s.o.j.p.SpringPersistenceUnitInfo      : No LoadTimeWeaver setup: ignoring JPA class transformer
2025-06-11T11:44:38.851+09:00  INFO 6017 --- [ocean] [    Test worker] org.hibernate.orm.connections.pooling    : HHH10001005: Database info:
	Database JDBC URL [Connecting through datasource 'HikariDataSource (HikariPool-1)']
	Database driver: undefined/unknown
	Database version: 2.3.232
	Autocommit mode: undefined/unknown
	Isolation level: undefined/unknown
	Minimum pool size: undefined/unknown
	Maximum pool size: undefined/unknown
2025-06-11T11:44:39.479+09:00  INFO 6017 --- [ocean] [    Test worker] o.h.e.t.j.p.i.JtaPlatformInitiator       : HHH000489: No JTA platform available (set 'hibernate.transaction.jta.platform' to enable JTA platform integration)
2025-06-11T11:44:39.501+09:00  INFO 6017 --- [ocean] [    Test worker] j.LocalContainerEntityManagerFactoryBean : Initialized JPA EntityManagerFactory for persistence unit 'default'
2025-06-11T11:44:39.870+09:00  WARN 6017 --- [ocean] [    Test worker] JpaBaseConfiguration$JpaWebConfiguration : spring.jpa.open-in-view is enabled by default. Therefore, database queries may be performed during view rendering. Explicitly configure spring.jpa.open-in-view to disable this warning
2025-06-11T11:44:40.293+09:00  INFO 6017 --- [ocean] [    Test worker] c.example.ocean.OceanApplicationTests    : Started OceanApplicationTests in 3.149 seconds (process running for 4.24)
]]></system-out>
  <system-err><![CDATA[]]></system-err>
</testsuite>
